[22:10:19] [ServerMain/INFO]: [bootstrap] Running Java 21 (Java HotSpot(TM) 64-Bit Server VM 21.0.5+9-LTS-239; Oracle Corporation null) on Linux 6.5.0-1025-azure (amd64)
[22:10:19] [ServerMain/INFO]: [bootstrap] Loading Paper 1.21.3-81-master@da71382 (2024-12-03T14:58:13Z) for Minecraft 1.21.3
[22:10:20] [ServerMain/INFO]: [PluginInitializerManager] Initializing plugins...
[22:10:20] [ServerMain/INFO]: [PluginInitializerManager] Initialized 0 plugins
[22:10:24] [ServerMain/INFO]: Environment: Environment[sessionHost=https://sessionserver.mojang.com, servicesHost=https://api.minecraftservices.com, name=PROD]
[22:10:26] [ServerMain/INFO]: Loaded 1337 recipes
[22:10:26] [ServerMain/INFO]: Loaded 1448 advancements
[22:10:26] [Server thread/INFO]: Starting minecraft server version 1.21.3
[22:10:26] [Server thread/INFO]: Loading properties
[22:10:26] [Server thread/INFO]: This server is running Paper version 1.21.3-81-master@da71382 (2024-12-03T14:58:13Z) (Implementing API version 1.21.3-R0.1-SNAPSHOT)
[22:10:26] [Server thread/INFO]: [spark] This server bundles the spark profiler. For more information please visit https://docs.papermc.io/paper/profiling
[22:10:27] [Server thread/INFO]: Server Ping Player Sample Count: 12
[22:10:27] [Server thread/INFO]: Using 4 threads for Netty based IO
[22:10:27] [Server thread/INFO]: [MoonriseCommon] Paper is using 1 worker threads, 1 I/O threads
[22:10:27] [Server thread/INFO]: [ChunkTaskScheduler] Chunk system is using population gen parallelism: true
[22:10:27] [Server thread/INFO]: Default game type: SURVIVAL
[22:10:27] [Server thread/INFO]: Generating keypair
[22:10:28] [Server thread/INFO]: Starting Minecraft server on *:7002
[22:10:28] [Server thread/INFO]: Using epoll channel type
[22:10:28] [Server thread/INFO]: Paper: Using libdeflate (Linux x86_64) compression from Velocity.
[22:10:28] [Server thread/INFO]: Paper: Using OpenSSL 3.x.x (Linux x86_64) cipher from Velocity.
[22:10:28] [Server thread/INFO]: Server permissions file permissions.yml is empty, ignoring it
[22:10:28] [Server thread/INFO]: Preparing level "world"
[22:10:28] [Server thread/INFO]: Preparing start region for dimension minecraft:overworld
[22:10:28] [Server thread/INFO]: Preparing spawn area: 0%
[22:10:29] [Server thread/INFO]: Preparing spawn area: 2%
[22:10:29] [Paper Common Worker #0/INFO]: [MCTypeRegistry] Initialising converters for DataConverter...
[22:10:29] [Paper Common Worker #0/INFO]: [MCTypeRegistry] Finished initialising converters for DataConverter in 242.8ms
[22:10:29] [Server thread/INFO]: Preparing spawn area: 36%
[22:10:29] [Server thread/INFO]: Time elapsed: 1364 ms
[22:10:29] [Server thread/INFO]: Preparing start region for dimension minecraft:the_nether
[22:10:30] [Server thread/INFO]: Preparing spawn area: 0%
[22:10:30] [Server thread/INFO]: Time elapsed: 167 ms
[22:10:30] [Server thread/INFO]: Preparing start region for dimension minecraft:the_end
[22:10:30] [Server thread/INFO]: Preparing spawn area: 0%
[22:10:30] [Server thread/INFO]: Time elapsed: 104 ms
[22:10:30] [Server thread/INFO]: [spark] Starting background profiler...
[22:10:30] [Server thread/INFO]: Done preparing level "world" (2.321s)
[22:10:30] [Server thread/INFO]: Starting remote control listener
[22:10:30] [Server thread/INFO]: Thread RCON Listener started
[22:10:30] [Server thread/INFO]: RCON running on 0.0.0.0:7003
[22:10:30] [Server thread/INFO]: Running delayed init tasks
[22:10:30] [Server thread/INFO]: Done (11.476s)! For help, type "help"
